[2025-01-20 21:25:45] Starting certificate generation process
[2025-01-20 21:25:45] Generating CA certificate
[2025-01-20 21:25:46] Successfully executed: openssl genrsa -out ca.key 4096
[2025-01-20 21:25:46] Successfully executed: openssl req -new -key ca.key -out ca.csr -subj "/C=US/ST=State/L=Locality/O=Organization/CN=Test CA"
[2025-01-20 21:25:46] Successfully executed: openssl req -x509 -new -key ca.key -out ca.crt -days 365 -nodes -subj "/C=US/ST=State/L=Locality/O=Organization/CN=Test CA"
[2025-01-20 21:25:46] Generating Server certificate
[2025-01-20 21:25:47] Successfully executed: openssl genrsa -out server.key 4096
[2025-01-20 21:25:47] Successfully executed: openssl req -new -key server.key -out server.csr -subj "/C=US/ST=State/L=Locality/O=Organization/CN=localhost"
[2025-01-20 21:25:47] Successfully executed: openssl x509 -req -in server.csr -CA ca.crt -CAkey ca.key -CAcreateserial -out server.crt -days 365
[2025-01-20 21:25:47] Generating Client certificate
[2025-01-20 21:25:49] Successfully executed: openssl genrsa -out client.key 4096
[2025-01-20 21:25:49] Successfully executed: openssl req -new -key client.key -out client.csr -subj "/C=US/ST=State/L=Locality/O=Organization/CN=Client"
[2025-01-20 21:25:49] Successfully executed: openssl x509 -req -in client.csr -CA ca.crt -CAkey ca.key -CAcreateserial -out client.crt -days 365
[2025-01-20 21:25:49] All certificates generated successfully
[2025-01-20 21:35:40] Starting certificate generation process
[2025-01-20 21:35:40] Generating CA certificate
[2025-01-20 21:35:42] Successfully executed: openssl genrsa -out ca.key 4096
[2025-01-20 21:35:43] Successfully executed: openssl req -new -key ca.key -out ca.csr -subj "/C=US/ST=State/L=Locality/O=Organization/CN=Test CA"
[2025-01-20 21:35:43] Successfully executed: openssl req -x509 -new -key ca.key -out ca.crt -days 365 -nodes -subj "/C=US/ST=State/L=Locality/O=Organization/CN=Test CA"
[2025-01-20 21:35:43] Generating Server certificate
[2025-01-20 21:35:44] Successfully executed: openssl genrsa -out server.key 4096
[2025-01-20 21:35:44] Successfully executed: openssl req -new -key server.key -out server.csr -subj "/C=US/ST=State/L=Locality/O=Organization/CN=localhost"
[2025-01-20 21:35:44] Successfully executed: openssl x509 -req -in server.csr -CA ca.crt -CAkey ca.key -CAcreateserial -out server.crt -days 365
[2025-01-20 21:35:44] Generating Client certificate
[2025-01-20 21:35:45] Successfully executed: openssl genrsa -out client.key 4096
[2025-01-20 21:35:45] Successfully executed: openssl req -new -key client.key -out client.csr -subj "/C=US/ST=State/L=Locality/O=Organization/CN=Client"
[2025-01-20 21:35:45] Successfully executed: openssl x509 -req -in client.csr -CA ca.crt -CAkey ca.key -CAcreateserial -out client.crt -days 365
[2025-01-20 21:35:45] All certificates generated successfully
[2025-01-20 21:43:26] Starting certificate generation process
[2025-01-20 21:43:26] Generating CA certificate
[2025-01-20 21:43:32] Successfully executed: openssl genrsa -out ca.key 4096
[2025-01-20 21:43:32] Successfully executed: openssl req -new -key ca.key -out ca.csr -subj "/C=US/ST=State/L=Locality/O=Organization/CN=Test CA"
[2025-01-20 21:43:32] Successfully executed: openssl req -x509 -new -key ca.key -out ca.crt -days 365 -nodes -subj "/C=US/ST=State/L=Locality/O=Organization/CN=Test CA"
[2025-01-20 21:43:32] Generating Server certificate
[2025-01-20 21:43:33] Successfully executed: openssl genrsa -out server.key 4096
[2025-01-20 21:43:33] Successfully executed: openssl req -new -key server.key -out server.csr -subj "/C=US/ST=State/L=Locality/O=Organization/CN=localhost"
[2025-01-20 21:43:33] Successfully executed: openssl x509 -req -in server.csr -CA ca.crt -CAkey ca.key -CAcreateserial -out server.crt -days 365
[2025-01-20 21:43:33] Generating Client certificate
[2025-01-20 21:43:34] Successfully executed: openssl genrsa -out client.key 4096
[2025-01-20 21:43:34] Successfully executed: openssl req -new -key client.key -out client.csr -subj "/C=US/ST=State/L=Locality/O=Organization/CN=Client"
[2025-01-20 21:43:34] Successfully executed: openssl x509 -req -in client.csr -CA ca.crt -CAkey ca.key -CAcreateserial -out client.crt -days 365
[2025-01-20 21:43:34] All certificates generated successfully
[2025-01-20 21:43:54] Starting certificate generation process
[2025-01-20 21:44:12] Skipping CA certificate generation due to user choice or existing files.
[2025-01-20 21:44:13] Skipping Server certificate generation due to user choice or existing files.
[2025-01-20 21:44:13] Skipping Client certificate generation due to user choice or existing files.
[2025-01-20 21:44:13] All certificates generated successfully
[2025-01-20 21:50:58] Starting certificate generation process
[2025-01-20 21:50:58] Generating CA certificate
[2025-01-20 21:51:00] Successfully executed: openssl genrsa -out ca.key 4096
[2025-01-20 21:51:00] Successfully executed: openssl req -new -key ca.key -out ca.csr -subj "/C=US/ST=State/L=Locality/O=Organization/CN=Test CA"
[2025-01-20 21:51:00] Successfully executed: openssl req -x509 -new -key ca.key -out ca.crt -days 365 -nodes -subj "/C=US/ST=State/L=Locality/O=Organization/CN=Test CA"
[2025-01-20 21:51:00] Generating Server certificate
[2025-01-20 21:51:01] Successfully executed: openssl genrsa -out server.key 4096
[2025-01-20 21:51:01] Successfully executed: openssl req -new -key server.key -out server.csr -subj "/C=US/ST=State/L=Locality/O=Organization/CN=localhost"
[2025-01-20 21:51:01] Successfully executed: openssl x509 -req -in server.csr -CA ca.crt -CAkey ca.key -CAcreateserial -out server.crt -days 365
[2025-01-20 21:51:01] Generating Client certificate
[2025-01-20 21:51:03] Successfully executed: openssl genrsa -out client.key 4096
[2025-01-20 21:51:03] Successfully executed: openssl req -new -key client.key -out client.csr -subj "/C=US/ST=State/L=Locality/O=Organization/CN=Client"
[2025-01-20 21:51:03] Successfully executed: openssl x509 -req -in client.csr -CA ca.crt -CAkey ca.key -CAcreateserial -out client.crt -days 365
[2025-01-20 21:51:03] All certificates generated successfully
[2025-01-20 22:00:41] Starting certificate generation process
[2025-01-20 22:00:41] Generating CA certificate
[2025-01-20 22:00:44] Successfully executed: openssl genrsa -out ca.key 4096
[2025-01-20 22:00:44] Successfully executed: openssl req -new -key ca.key -out ca.csr -subj "/C=US/ST=State/L=Locality/O=Organization/CN=Test CA"
[2025-01-20 22:00:44] Successfully executed: openssl req -x509 -new -key ca.key -out ca.crt -days 365 -nodes -subj "/C=US/ST=State/L=Locality/O=Organization/CN=Test CA"
[2025-01-20 22:00:44] Generating Server certificate
[2025-01-20 22:00:45] Successfully executed: openssl genrsa -out server.key 4096
[2025-01-20 22:00:45] Successfully executed: openssl req -new -key server.key -out server.csr -subj "/C=US/ST=State/L=Locality/O=Organization/CN=localhost"
[2025-01-20 22:00:45] Successfully executed: openssl x509 -req -in server.csr -CA ca.crt -CAkey ca.key -CAcreateserial -out server.crt -days 365
[2025-01-20 22:00:45] Generating Client certificate
[2025-01-20 22:00:46] Successfully executed: openssl genrsa -out client.key 4096
[2025-01-20 22:00:46] Successfully executed: openssl req -new -key client.key -out client.csr -subj "/C=US/ST=State/L=Locality/O=Organization/CN=Client"
[2025-01-20 22:00:46] Successfully executed: openssl x509 -req -in client.csr -CA ca.crt -CAkey ca.key -CAcreateserial -out client.crt -days 365
[2025-01-20 22:00:46] All certificates generated successfully
